2.7148 	WARNING 	Speech-to-text recognition module not available (use command `pip install SpeechRecognition` to get it. Transcription will be unavailable.
4.2618 	WARNING 	We strongly recommend you activate the PTB sound engine in PsychoPy prefs as the preferred audio engine. Its timing is vastly superior. Your prefs are currently set to use ['sounddevice', 'PTB', 'pyo', 'pygame'] (in that order).
11.2914 	WARNING 	User requested fullscreen with size [1280  720], but screen is actually [1920, 1080]. Using actual size
13.6684 	EXP 	Created window1 = Window(allowGUI=False, allowStencil=False, autoLog=True, backendConf=UNKNOWN, bitsMode=UNKNOWN, blendMode='avg', bpc=(8, 8, 8), color=array([0, 0, 0]), colorSpace='rgb', depthBits=8, fullscr=<method-wrapper '__getattribute__' of attributeSetter object at 0x000002858ADF7048>, gamma=None, gammaErrorPolicy='raise', lms=UNKNOWN, monitor=<psychopy.monitors.calibTools.Monitor object at 0x000002858AE594A8>, multiSample=False, name='window1', numSamples=2, pos=[0.0, 0.0], screen=0, size=array([1920, 1080]), stencilBits=0, stereo=False, units='height', useFBO=True, useRetina=False, viewOri=0.0, viewPos=None, viewScale=None, waitBlanking=True, winType='pyglet')
13.6695 	EXP 	window1: mouseVisible = True
13.6697 	EXP 	window1: recordFrameIntervals = False
13.8254 	EXP 	window1: recordFrameIntervals = True
14.0094 	EXP 	window1: recordFrameIntervals = False
15.1248 	EXP 	Created instruction_text = TextStim(__class__=<class 'psychopy.visual.text.TextStim'>, alignHoriz=method-wrapper(...), alignText='center', alignVert=method-wrapper(...), anchorHoriz='center', anchorVert='center', antialias=True, autoLog=True, bold=False, color=array([1, 1, 1]), colorSpace='rgb', contrast=1.0, depth=0.0, flipHoriz=False, flipVert=False, font='Open Sans', fontFiles=[], height=0.05, italic=False, languageStyle='LTR', name='instruction_text', opacity=1, ori=0.0, pos=array([0., 0.]), rgb=UNKNOWN, text=str(...), units='height', win=Window(...), wrapWidth=1)
15.1288 	EXP 	Created fix_text = TextStim(__class__=<class 'psychopy.visual.text.TextStim'>, alignHoriz=method-wrapper(...), alignText='center', alignVert=method-wrapper(...), anchorHoriz='center', anchorVert='center', antialias=True, autoLog=True, bold=False, color=array([1, 1, 1]), colorSpace='rgb', contrast=1.0, depth=0.0, flipHoriz=False, flipVert=False, font='Open Sans', fontFiles=[], height=0.1, italic=False, languageStyle='LTR', name='fix_text', opacity=1, ori=0.0, pos=array([0., 0.]), rgb=UNKNOWN, text='', units='height', win=Window(...), wrapWidth=1)
15.1325 	EXP 	Created trial_text = TextStim(__class__=<class 'psychopy.visual.text.TextStim'>, alignHoriz=method-wrapper(...), alignText='center', alignVert=method-wrapper(...), anchorHoriz='center', anchorVert='center', antialias=True, autoLog=True, bold=False, color=array([1, 1, 1]), colorSpace='rgb', contrast=1.0, depth=0.0, flipHoriz=False, flipVert=False, font='Open Sans', fontFiles=[], height=0.5, italic=False, languageStyle='LTR', name='trial_text', opacity=1, ori=0.0, pos=array([0., 0.]), rgb=UNKNOWN, text='', units='height', win=Window(...), wrapWidth=1)
15.1341 	EXP 	Created feedback_text = TextStim(__class__=<class 'psychopy.visual.text.TextStim'>, alignHoriz=method-wrapper(...), alignText='center', alignVert=method-wrapper(...), anchorHoriz='center', anchorVert='center', antialias=True, autoLog=True, bold=False, color=array([1, 1, 1]), colorSpace='rgb', contrast=1.0, depth=0.0, flipHoriz=False, flipVert=False, font='Open Sans', fontFiles=[], height=0.1, italic=False, languageStyle='LTR', name='feedback_text', opacity=1, ori=0.0, pos=array([0., 0.]), rgb=UNKNOWN, text='', units='height', win=Window(...), wrapWidth=1)
15.1559 	EXP 	Created thanks_text = TextStim(__class__=<class 'psychopy.visual.text.TextStim'>, alignHoriz=method-wrapper(...), alignText='center', alignVert=method-wrapper(...), anchorHoriz='center', anchorVert='center', antialias=True, autoLog=True, bold=False, color=array([1, 1, 1]), colorSpace='rgb', contrast=1.0, depth=0.0, flipHoriz=False, flipVert=False, font='Open Sans', fontFiles=[], height=0.05, italic=False, languageStyle='LTR', name='thanks_text', opacity=1, ori=0.0, pos=array([0., 0.]), rgb=UNKNOWN, text='Спасибо за участие в эксперименте!', units='height', win=Window(...), wrapWidth=1)
15.2090 	EXP 	instruction_text: autoDraw = True
16.1603 	DATA 	Keypress: return
16.7432 	DATA 	Keypress: space
17.3876 	DATA 	Keypress: space
17.5416 	DATA 	Keypress: return
17.7640 	DATA 	Keypress: return
17.9285 	DATA 	Keypress: return
18.1009 	DATA 	Keypress: space
18.6785 	DATA 	Keypress: space
18.6788 	DATA 	Keypress: return
19.1719 	DATA 	Keypress: space
19.3083 	DATA 	Keypress: return
19.8305 	DATA 	Keypress: escape
20.1652 	EXP 	window1: mouseVisible = True
2.1858 	WARNING 	Speech-to-text recognition module not available (use command `pip install SpeechRecognition` to get it. Transcription will be unavailable.
3.4171 	WARNING 	We strongly recommend you activate the PTB sound engine in PsychoPy prefs as the preferred audio engine. Its timing is vastly superior. Your prefs are currently set to use ['sounddevice', 'PTB', 'pyo', 'pygame'] (in that order).
8.5320 	WARNING 	User requested fullscreen with size [1280  720], but screen is actually [1920, 1080]. Using actual size
10.1632 	EXP 	Created window1 = Window(allowGUI=False, allowStencil=False, autoLog=True, backendConf=UNKNOWN, bitsMode=UNKNOWN, blendMode='avg', bpc=(8, 8, 8), color=array([0, 0, 0]), colorSpace='rgb', depthBits=8, fullscr=<method-wrapper '__getattribute__' of attributeSetter object at 0x0000019DF2D97048>, gamma=None, gammaErrorPolicy='raise', lms=UNKNOWN, monitor=<psychopy.monitors.calibTools.Monitor object at 0x0000019DF2DF94E0>, multiSample=False, name='window1', numSamples=2, pos=[0.0, 0.0], screen=0, size=array([1920, 1080]), stencilBits=0, stereo=False, units='height', useFBO=True, useRetina=False, viewOri=0.0, viewPos=None, viewScale=None, waitBlanking=True, winType='pyglet')
10.1640 	EXP 	window1: mouseVisible = True
10.1643 	EXP 	window1: recordFrameIntervals = False
10.3261 	EXP 	window1: recordFrameIntervals = True
10.5096 	EXP 	window1: recordFrameIntervals = False
11.4135 	EXP 	Created instruction_text = TextStim(__class__=<class 'psychopy.visual.text.TextStim'>, alignHoriz=method-wrapper(...), alignText='center', alignVert=method-wrapper(...), anchorHoriz='center', anchorVert='center', antialias=True, autoLog=True, bold=False, color=array([1, 1, 1]), colorSpace='rgb', contrast=1.0, depth=0.0, flipHoriz=False, flipVert=False, font='Open Sans', fontFiles=[], height=0.05, italic=False, languageStyle='LTR', name='instruction_text', opacity=1, ori=0.0, pos=array([0., 0.]), rgb=UNKNOWN, text=str(...), units='height', win=Window(...), wrapWidth=1)
11.4162 	EXP 	Created fix_text = TextStim(__class__=<class 'psychopy.visual.text.TextStim'>, alignHoriz=method-wrapper(...), alignText='center', alignVert=method-wrapper(...), anchorHoriz='center', anchorVert='center', antialias=True, autoLog=True, bold=False, color=array([1, 1, 1]), colorSpace='rgb', contrast=1.0, depth=0.0, flipHoriz=False, flipVert=False, font='Open Sans', fontFiles=[], height=0.1, italic=False, languageStyle='LTR', name='fix_text', opacity=1, ori=0.0, pos=array([0., 0.]), rgb=UNKNOWN, text='', units='height', win=Window(...), wrapWidth=1)
11.4197 	EXP 	Created trial_text = TextStim(__class__=<class 'psychopy.visual.text.TextStim'>, alignHoriz=method-wrapper(...), alignText='center', alignVert=method-wrapper(...), anchorHoriz='center', anchorVert='center', antialias=True, autoLog=True, bold=False, color=array([1, 1, 1]), colorSpace='rgb', contrast=1.0, depth=0.0, flipHoriz=False, flipVert=False, font='Open Sans', fontFiles=[], height=0.5, italic=False, languageStyle='LTR', name='trial_text', opacity=1, ori=0.0, pos=array([0., 0.]), rgb=UNKNOWN, text='', units='height', win=Window(...), wrapWidth=1)
11.4209 	EXP 	Created feedback_text = TextStim(__class__=<class 'psychopy.visual.text.TextStim'>, alignHoriz=method-wrapper(...), alignText='center', alignVert=method-wrapper(...), anchorHoriz='center', anchorVert='center', antialias=True, autoLog=True, bold=False, color=array([1, 1, 1]), colorSpace='rgb', contrast=1.0, depth=0.0, flipHoriz=False, flipVert=False, font='Open Sans', fontFiles=[], height=0.1, italic=False, languageStyle='LTR', name='feedback_text', opacity=1, ori=0.0, pos=array([0., 0.]), rgb=UNKNOWN, text='', units='height', win=Window(...), wrapWidth=1)
11.4373 	EXP 	Created thanks_text = TextStim(__class__=<class 'psychopy.visual.text.TextStim'>, alignHoriz=method-wrapper(...), alignText='center', alignVert=method-wrapper(...), anchorHoriz='center', anchorVert='center', antialias=True, autoLog=True, bold=False, color=array([1, 1, 1]), colorSpace='rgb', contrast=1.0, depth=0.0, flipHoriz=False, flipVert=False, font='Open Sans', fontFiles=[], height=0.05, italic=False, languageStyle='LTR', name='thanks_text', opacity=1, ori=0.0, pos=array([0., 0.]), rgb=UNKNOWN, text='Спасибо за участие в эксперименте!', units='height', win=Window(...), wrapWidth=1)
11.5054 	EXP 	instruction_text: autoDraw = True
12.2309 	EXP 	Imported stimuli_with_bags (1).xlsx as conditions, 12 conditions, 3 params
12.2341 	EXP 	Created sequence: random, trialTypes=12, nReps=1, seed=None
12.2347 	EXP 	New trial (rep=0, index=0): {'word': 'blue', 'color': 'red', 'corr_ans': 'r'}
12.2545 	DATA 	Keypress: space
12.2587 	EXP 	instruction_text: autoDraw = False
12.2587 	EXP 	fix_text: text = '+'
12.2587 	EXP 	fix_text: autoDraw = True
12.7021 	EXP 	fix_text: autoDraw = False
12.7021 	EXP 	trial_text: text = 'blue'
12.9933 	EXP 	trial_text: autoDraw = True
13.6607 	DATA 	Keypress: left
14.9601 	DATA 	Keypress: g
14.9639 	EXP 	trial_text: autoDraw = False
14.9639 	EXP 	feedback_text: text = ''
14.9639 	EXP 	feedback_text: autoDraw = True
14.9639 	EXP 	feedback_text: text = ''
15.9622 	EXP 	New trial (rep=0, index=1): {'word': 'yellow', 'color': 'green', 'corr_ans': 'g'}
15.9768 	EXP 	feedback_text: autoDraw = False
15.9768 	EXP 	fix_text: text = '+'
15.9768 	EXP 	fix_text: autoDraw = True
16.3701 	EXP 	fix_text: autoDraw = False
16.3701 	EXP 	trial_text: text = 'yellow'
16.6609 	EXP 	trial_text: autoDraw = True
17.5276 	DATA 	Keypress: g
17.5876 	EXP 	trial_text: autoDraw = False
17.5876 	EXP 	feedback_text: text = 'ошибка'
17.5876 	EXP 	feedback_text: autoDraw = True
18.5598 	EXP 	New trial (rep=0, index=2): {'word': 'blue', 'color': 'blue', 'corr_ans': 'b'}
18.5757 	EXP 	feedback_text: autoDraw = False
18.5757 	EXP 	fix_text: text = '+'
18.5757 	EXP 	fix_text: autoDraw = True
18.8816 	EXP 	fix_text: autoDraw = False
18.8816 	EXP 	trial_text: text = 'blue'
19.1741 	EXP 	trial_text: autoDraw = True
19.7143 	DATA 	Keypress: g
19.7748 	EXP 	trial_text: autoDraw = False
19.7748 	EXP 	feedback_text: text = 'правильно'
19.7748 	EXP 	feedback_text: autoDraw = True
20.7425 	EXP 	New trial (rep=0, index=3): {'word': 'yellow', 'color': 'yellow', 'corr_ans': 'y'}
20.7575 	EXP 	feedback_text: autoDraw = False
20.7575 	EXP 	fix_text: text = '+'
20.7575 	EXP 	fix_text: autoDraw = True
21.0592 	EXP 	fix_text: autoDraw = False
21.0592 	EXP 	trial_text: text = 'yellow'
21.3419 	EXP 	trial_text: autoDraw = True
22.0203 	DATA 	Keypress: g
22.0249 	EXP 	trial_text: autoDraw = False
22.0249 	EXP 	feedback_text: text = 'ошибка'
22.0249 	EXP 	feedback_text: autoDraw = True
23.0117 	EXP 	New trial (rep=0, index=4): {'word': 'yellow', 'color': 'red', 'corr_ans': 'r'}
23.0256 	EXP 	feedback_text: autoDraw = False
23.0256 	EXP 	fix_text: text = '+'
23.0256 	EXP 	fix_text: autoDraw = True
23.3255 	EXP 	fix_text: autoDraw = False
23.3255 	EXP 	trial_text: text = 'yellow'
23.6104 	EXP 	trial_text: autoDraw = True
24.7377 	DATA 	Keypress: g
24.7442 	EXP 	trial_text: autoDraw = False
24.7442 	EXP 	feedback_text: text = 'ошибка'
24.7442 	EXP 	feedback_text: autoDraw = True
25.7442 	EXP 	New trial (rep=0, index=5): {'word': 'red', 'color': 'blue', 'corr_ans': 'b'}
25.7595 	EXP 	feedback_text: autoDraw = False
25.7595 	EXP 	fix_text: text = '+'
25.7595 	EXP 	fix_text: autoDraw = True
26.1414 	EXP 	fix_text: autoDraw = False
26.1414 	EXP 	trial_text: text = 'red'
26.4274 	EXP 	trial_text: autoDraw = True
35.8552 	DATA 	Keypress: b
35.8594 	EXP 	trial_text: autoDraw = False
35.8594 	EXP 	feedback_text: text = 'ошибка'
35.8594 	EXP 	feedback_text: autoDraw = True
36.8575 	EXP 	New trial (rep=0, index=6): {'word': 'green', 'color': 'blue', 'corr_ans': 'b'}
36.8731 	EXP 	feedback_text: autoDraw = False
36.8731 	EXP 	fix_text: text = '+'
36.8731 	EXP 	fix_text: autoDraw = True
37.2332 	EXP 	fix_text: autoDraw = False
37.2332 	EXP 	trial_text: text = 'green'
37.5250 	EXP 	trial_text: autoDraw = True
39.5083 	DATA 	Keypress: g
39.5136 	EXP 	trial_text: autoDraw = False
39.5136 	EXP 	feedback_text: text = 'правильно'
39.5136 	EXP 	feedback_text: autoDraw = True
40.4946 	EXP 	New trial (rep=0, index=7): {'word': 'red', 'color': 'red', 'corr_ans': 'r'}
40.5092 	EXP 	feedback_text: autoDraw = False
40.5092 	EXP 	fix_text: text = '+'
40.5092 	EXP 	fix_text: autoDraw = True
40.8130 	EXP 	fix_text: autoDraw = False
40.8130 	EXP 	trial_text: text = 'red'
41.1113 	EXP 	trial_text: autoDraw = True
42.3695 	DATA 	Keypress: r
42.3739 	EXP 	trial_text: autoDraw = False
42.3739 	EXP 	feedback_text: text = 'ошибка'
42.3739 	EXP 	feedback_text: autoDraw = True
43.3601 	EXP 	New trial (rep=0, index=8): {'word': 'green', 'color': 'green', 'corr_ans': 'g'}
43.3766 	EXP 	feedback_text: autoDraw = False
43.3766 	EXP 	fix_text: text = '+'
43.3766 	EXP 	fix_text: autoDraw = True
43.6775 	EXP 	fix_text: autoDraw = False
43.6775 	EXP 	trial_text: text = 'green'
43.9819 	EXP 	trial_text: autoDraw = True
45.4119 	DATA 	Keypress: g
45.4532 	EXP 	trial_text: autoDraw = False
45.4532 	EXP 	feedback_text: text = 'правильно'
45.4532 	EXP 	feedback_text: autoDraw = True
46.4303 	EXP 	New trial (rep=0, index=9): {'word': 'red', 'color': 'green', 'corr_ans': 'g'}
46.4487 	EXP 	feedback_text: autoDraw = False
46.4487 	EXP 	fix_text: text = '+'
46.4487 	EXP 	fix_text: autoDraw = True
46.7612 	EXP 	fix_text: autoDraw = False
46.7612 	EXP 	trial_text: text = 'red'
47.0593 	EXP 	trial_text: autoDraw = True
48.0816 	DATA 	Keypress: b
48.0869 	EXP 	trial_text: autoDraw = False
48.0869 	EXP 	feedback_text: text = 'правильно'
48.0869 	EXP 	feedback_text: autoDraw = True
49.0802 	EXP 	New trial (rep=0, index=10): {'word': 'blue', 'color': 'yellow', 'corr_ans': 'y'}
49.0980 	EXP 	feedback_text: autoDraw = False
49.0980 	EXP 	fix_text: text = '+'
49.0980 	EXP 	fix_text: autoDraw = True
49.3983 	EXP 	fix_text: autoDraw = False
49.3983 	EXP 	trial_text: text = 'blue'
49.6940 	EXP 	trial_text: autoDraw = True
50.7766 	DATA 	Keypress: g
50.7818 	EXP 	trial_text: autoDraw = False
50.7818 	EXP 	feedback_text: text = 'ошибка'
50.7818 	EXP 	feedback_text: autoDraw = True
51.7760 	EXP 	New trial (rep=0, index=11): {'word': 'green', 'color': 'yellow', 'corr_ans': 'y'}
51.7898 	EXP 	feedback_text: autoDraw = False
51.7898 	EXP 	fix_text: text = '+'
51.7898 	EXP 	fix_text: autoDraw = True
52.0916 	EXP 	fix_text: autoDraw = False
52.0916 	EXP 	trial_text: text = 'green'
52.3733 	EXP 	trial_text: autoDraw = True
52.7415 	DATA 	Keypress: b
52.7457 	EXP 	trial_text: autoDraw = False
52.7457 	EXP 	feedback_text: text = 'ошибка'
52.7457 	EXP 	feedback_text: autoDraw = True
53.7563 	EXP 	feedback_text: autoDraw = False
53.7563 	EXP 	thanks_text: autoDraw = True
54.7581 	EXP 	thanks_text: autoDraw = False
54.9368 	EXP 	window1: mouseVisible = True
